TN:
SF:src\views\company\index.vue
FN:297,render
FN:311,(anonymous_1)
FN:317,(anonymous_2)
FN:323,(anonymous_3)
FN:330,(anonymous_4)
FN:336,(anonymous_5)
FN:339,(anonymous_6)
FN:343,(anonymous_7)
FN:347,(anonymous_8)
FN:351,(anonymous_9)
FN:364,(anonymous_10)
FN:373,(anonymous_11)
FN:379,(anonymous_12)
FN:383,(anonymous_13)
FN:385,(anonymous_14)
FN:393,(anonymous_15)
FN:395,(anonymous_16)
FN:403,(anonymous_17)
FN:406,(anonymous_18)
FN:412,(anonymous_19)
FN:415,(anonymous_20)
FN:420,(anonymous_21)
FN:431,(anonymous_22)
FN:433,(anonymous_23)
FNF:24
FNH:17
FNDA:7,render
FNDA:0,(anonymous_1)
FNDA:1,(anonymous_2)
FNDA:4,(anonymous_3)
FNDA:125,(anonymous_4)
FNDA:1,(anonymous_5)
FNDA:25,(anonymous_6)
FNDA:0,(anonymous_7)
FNDA:26,(anonymous_8)
FNDA:26,(anonymous_9)
FNDA:0,(anonymous_10)
FNDA:2,(anonymous_11)
FNDA:2,(anonymous_12)
FNDA:2,(anonymous_13)
FNDA:0,(anonymous_14)
FNDA:2,(anonymous_15)
FNDA:0,(anonymous_16)
FNDA:2,(anonymous_17)
FNDA:0,(anonymous_18)
FNDA:2,(anonymous_19)
FNDA:2,(anonymous_20)
FNDA:2,(anonymous_21)
FNDA:2,(anonymous_22)
FNDA:0,(anonymous_23)
DA:4,1
DA:5,1
DA:8,1
DA:9,1
DA:21,1
DA:284,1
DA:286,1
DA:289,1
DA:290,1
DA:291,1
DA:298,7
DA:299,7
DA:300,7
DA:301,7
DA:302,7
DA:303,7
DA:304,7
DA:305,7
DA:306,7
DA:307,7
DA:308,7
DA:309,7
DA:311,0
DA:317,1
DA:323,4
DA:334,125
DA:335,125
DA:336,1
DA:339,25
DA:343,0
DA:347,26
DA:351,26
DA:364,0
DA:373,2
DA:379,2
DA:383,2
DA:385,0
DA:393,2
DA:395,0
DA:403,2
DA:406,0
DA:412,2
DA:415,2
DA:420,2
DA:431,2
DA:433,0
DA:446,1
LF:47
LH:40
BRDA:311,0,0,7
BRDA:311,0,1,4
BRDA:317,1,0,7
BRDA:317,1,1,4
BRDA:335,2,0,25
BRDA:335,2,1,100
BRDA:356,3,0,25
BRDA:356,3,1,100
BRDA:358,4,0,17
BRDA:358,4,1,8
BRDA:364,5,0,7
BRDA:364,5,1,4
BRDA:385,6,0,2
BRDA:385,6,1,2
BRDA:395,7,0,2
BRDA:395,7,1,2
BRDA:406,8,0,2
BRDA:406,8,1,2
BRDA:433,9,0,2
BRDA:433,9,1,2
BRF:20
BRH:20
end_of_record
TN:
SF:src\views\user\index.vue
FN:297,render
FN:311,(anonymous_1)
FN:317,(anonymous_2)
FN:323,(anonymous_3)
FN:330,(anonymous_4)
FN:336,(anonymous_5)
FN:339,(anonymous_6)
FN:343,(anonymous_7)
FN:347,(anonymous_8)
FN:351,(anonymous_9)
FN:364,(anonymous_10)
FN:373,(anonymous_11)
FN:379,(anonymous_12)
FN:383,(anonymous_13)
FN:385,(anonymous_14)
FN:393,(anonymous_15)
FN:395,(anonymous_16)
FN:403,(anonymous_17)
FN:406,(anonymous_18)
FN:412,(anonymous_19)
FN:415,(anonymous_20)
FN:420,(anonymous_21)
FN:431,(anonymous_22)
FN:433,(anonymous_23)
FNF:24
FNH:17
FNDA:7,render
FNDA:0,(anonymous_1)
FNDA:1,(anonymous_2)
FNDA:4,(anonymous_3)
FNDA:125,(anonymous_4)
FNDA:1,(anonymous_5)
FNDA:25,(anonymous_6)
FNDA:0,(anonymous_7)
FNDA:26,(anonymous_8)
FNDA:26,(anonymous_9)
FNDA:0,(anonymous_10)
FNDA:2,(anonymous_11)
FNDA:2,(anonymous_12)
FNDA:2,(anonymous_13)
FNDA:0,(anonymous_14)
FNDA:2,(anonymous_15)
FNDA:0,(anonymous_16)
FNDA:2,(anonymous_17)
FNDA:0,(anonymous_18)
FNDA:2,(anonymous_19)
FNDA:2,(anonymous_20)
FNDA:2,(anonymous_21)
FNDA:2,(anonymous_22)
FNDA:0,(anonymous_23)
DA:4,1
DA:5,1
DA:8,1
DA:9,1
DA:21,1
DA:284,1
DA:286,1
DA:289,1
DA:290,1
DA:291,1
DA:298,7
DA:299,7
DA:300,7
DA:301,7
DA:302,7
DA:303,7
DA:304,7
DA:305,7
DA:306,7
DA:307,7
DA:308,7
DA:309,7
DA:311,0
DA:317,1
DA:323,4
DA:334,125
DA:335,125
DA:336,1
DA:339,25
DA:343,0
DA:347,26
DA:351,26
DA:364,0
DA:373,2
DA:379,2
DA:383,2
DA:385,0
DA:393,2
DA:395,0
DA:403,2
DA:406,0
DA:412,2
DA:415,2
DA:420,2
DA:431,2
DA:433,0
DA:446,1
LF:47
LH:40
BRDA:311,0,0,7
BRDA:311,0,1,4
BRDA:317,1,0,7
BRDA:317,1,1,4
BRDA:335,2,0,25
BRDA:335,2,1,100
BRDA:356,3,0,25
BRDA:356,3,1,100
BRDA:358,4,0,16
BRDA:358,4,1,9
BRDA:364,5,0,7
BRDA:364,5,1,4
BRDA:385,6,0,2
BRDA:385,6,1,2
BRDA:395,7,0,2
BRDA:395,7,1,2
BRDA:406,8,0,2
BRDA:406,8,1,2
BRDA:433,9,0,2
BRDA:433,9,1,2
BRF:20
BRH:20
end_of_record
